Initial point of search.
  ZZBeta Multiplier h = 1.
  ZZProportion Asymptomatic f = 0.3828.
  ZZSymptomatic Testing Fraction = 0.735.
  ZZIncubation Period C = 6.4.
  ZZLatent Period L = 3.4.
  ZZTotal Infectious Period D = 5.85.
  ZZBeta Calibrated = 0.7366.
  ZZReporting Delay = 1.
Simulations = 1.
Pass = 0.
Payoff = -771529.
---------------------------------.
Maximum payoff found at:.
  ZZBeta Multiplier h = 1.
  ZZProportion Asymptomatic f = 0.2.
  ZZSymptomatic Testing Fraction = 1.
  ZZIncubation Period C = 5.
  ZZLatent Period L = 3.4.
  ZZTotal Infectious Period D = 5.8535.
  ZZBeta Calibrated = 0.7366.
 *ZZReporting Delay = 1.
Simulations = 201.
Pass = 3.
Payoff = -25153.9.
---------------------------------.
