CumulativeCases/1
1 2.44933
CumulativeCases/1
2 3.52176
CumulativeCases/1
3 4.90452
CumulativeCases/1
4 5.68727
CumulativeCases/1
5 3.98622
CumulativeCases/1
6 -0.0486298
CumulativeCases/1
7 -1.22391
CumulativeCases/1
8 2.70969
CumulativeCases/1
9 7.07367
CumulativeCases/1
10 12.2827
CumulativeCases/1
11 12.8716
CumulativeCases/1
12 17.5304
CumulativeCases/1
13 8.14901
CumulativeCases/1
14 10.8753
CumulativeCases/1
15 1.18997
CumulativeCases/1
16 -0.997162
CumulativeCases/1
17 -6.22276
CumulativeCases/1
18 -12.3096
CumulativeCases/1
19 -5.15982
CumulativeCases/1
20 -91.4883
CumulativeCases/1
21 -82.4792
CumulativeCases/1
22 -10.3426
CumulativeCases/1
23 93.2557
